<?xml version="1.0" encoding="UTF-8"?>
<testsuite xmlns:xsi="http://www.w3.org/2001/XMLSchema-instance" xsi:noNamespaceSchemaLocation="https://maven.apache.org/surefire/maven-surefire-plugin/xsd/surefire-test-report-3.0.xsd" version="3.0" name="main.test.SuiteTest" time="1.052" tests="4" errors="0" skipped="0" failures="0">
  <properties>
    <property name="awt.toolkit" value="sun.awt.X11.XToolkit"/>
    <property name="java.specification.version" value="11"/>
    <property name="sun.cpu.isalist" value=""/>
    <property name="sun.jnu.encoding" value="UTF-8"/>
    <property name="java.class.path" value="/home/prabhakaran/Documents/ZTL/DevOps/Course/CI_Sample_Java/target/test-classes:/home/prabhakaran/Documents/ZTL/DevOps/Course/CI_Sample_Java/target/classes:/home/prabhakaran/.m2/repository/junit/junit/4.12/junit-4.12.jar:/home/prabhakaran/.m2/repository/org/hamcrest/hamcrest-core/1.3/hamcrest-core-1.3.jar:/home/prabhakaran/.m2/repository/javax/servlet/servlet-api/2.5/servlet-api-2.5.jar:/home/prabhakaran/.m2/repository/mysql/mysql-connector-java/5.1.30/mysql-connector-java-5.1.30.jar:/home/prabhakaran/.m2/repository/net/sourceforge/jwebunit/jwebunit-htmlunit-plugin/3.3/jwebunit-htmlunit-plugin-3.3.jar:/home/prabhakaran/.m2/repository/net/sourceforge/htmlunit/htmlunit/2.18/htmlunit-2.18.jar:/home/prabhakaran/.m2/repository/xalan/xalan/2.7.2/xalan-2.7.2.jar:/home/prabhakaran/.m2/repository/xalan/serializer/2.7.2/serializer-2.7.2.jar:/home/prabhakaran/.m2/repository/commons-collections/commons-collections/3.2.1/commons-collections-3.2.1.jar:/home/prabhakaran/.m2/repository/org/apache/commons/commons-lang3/3.4/commons-lang3-3.4.jar:/home/prabhakaran/.m2/repository/org/apache/httpcomponents/httpclient/4.5/httpclient-4.5.jar:/home/prabhakaran/.m2/repository/org/apache/httpcomponents/httpcore/4.4.1/httpcore-4.4.1.jar:/home/prabhakaran/.m2/repository/org/apache/httpcomponents/httpmime/4.5/httpmime-4.5.jar:/home/prabhakaran/.m2/repository/commons-codec/commons-codec/1.10/commons-codec-1.10.jar:/home/prabhakaran/.m2/repository/net/sourceforge/htmlunit/htmlunit-core-js/2.17/htmlunit-core-js-2.17.jar:/home/prabhakaran/.m2/repository/xerces/xercesImpl/2.11.0/xercesImpl-2.11.0.jar:/home/prabhakaran/.m2/repository/xml-apis/xml-apis/1.4.01/xml-apis-1.4.01.jar:/home/prabhakaran/.m2/repository/net/sourceforge/nekohtml/nekohtml/1.9.22/nekohtml-1.9.22.jar:/home/prabhakaran/.m2/repository/net/sourceforge/cssparser/cssparser/0.9.16/cssparser-0.9.16.jar:/home/prabhakaran/.m2/repository/org/w3c/css/sac/1.3/sac-1.3.jar:/home/prabhakaran/.m2/repository/commons-io/commons-io/2.4/commons-io-2.4.jar:/home/prabhakaran/.m2/repository/org/eclipse/jetty/websocket/websocket-client/9.2.12.v20150709/websocket-client-9.2.12.v20150709.jar:/home/prabhakaran/.m2/repository/org/eclipse/jetty/websocket/websocket-common/9.2.12.v20150709/websocket-common-9.2.12.v20150709.jar:/home/prabhakaran/.m2/repository/org/eclipse/jetty/websocket/websocket-api/9.2.12.v20150709/websocket-api-9.2.12.v20150709.jar:/home/prabhakaran/.m2/repository/net/sourceforge/jwebunit/jwebunit-core/3.3/jwebunit-core-3.3.jar:/home/prabhakaran/.m2/repository/regexp/regexp/1.3/regexp-1.3.jar:/home/prabhakaran/.m2/repository/commons-lang/commons-lang/2.6/commons-lang-2.6.jar:/home/prabhakaran/.m2/repository/org/slf4j/slf4j-api/1.6.6/slf4j-api-1.6.6.jar:/home/prabhakaran/.m2/repository/org/slf4j/jcl-over-slf4j/1.6.6/jcl-over-slf4j-1.6.6.jar:/home/prabhakaran/.m2/repository/org/eclipse/jetty/jetty-server/9.4.30.v20200611/jetty-server-9.4.30.v20200611.jar:/home/prabhakaran/.m2/repository/javax/servlet/javax.servlet-api/3.1.0/javax.servlet-api-3.1.0.jar:/home/prabhakaran/.m2/repository/org/eclipse/jetty/jetty-http/9.4.30.v20200611/jetty-http-9.4.30.v20200611.jar:/home/prabhakaran/.m2/repository/org/eclipse/jetty/jetty-util/9.4.30.v20200611/jetty-util-9.4.30.v20200611.jar:/home/prabhakaran/.m2/repository/org/eclipse/jetty/jetty-io/9.4.30.v20200611/jetty-io-9.4.30.v20200611.jar:/home/prabhakaran/.m2/repository/org/eclipse/jetty/jetty-security/9.4.30.v20200611/jetty-security-9.4.30.v20200611.jar:"/>
    <property name="java.vm.vendor" value="Ubuntu"/>
    <property name="sun.arch.data.model" value="64"/>
    <property name="java.vendor.url" value="https://ubuntu.com/"/>
    <property name="user.timezone" value=""/>
    <property name="java.vm.specification.version" value="11"/>
    <property name="os.name" value="Linux"/>
    <property name="sun.java.launcher" value="SUN_STANDARD"/>
    <property name="user.country" value="US"/>
    <property name="sun.boot.library.path" value="/usr/lib/jvm/java-11-openjdk-amd64/lib"/>
    <property name="sun.java.command" value="/home/prabhakaran/Documents/ZTL/DevOps/Course/CI_Sample_Java/target/surefire/surefirebooter1724801343039550356.jar /home/prabhakaran/Documents/ZTL/DevOps/Course/CI_Sample_Java/target/surefire 2020-07-29T00-05-29_217-jvmRun1 surefire7184197263515749840tmp surefire_02429067781163975753tmp"/>
    <property name="jdk.debug" value="release"/>
    <property name="test" value="SuiteTest"/>
    <property name="surefire.test.class.path" value="/home/prabhakaran/Documents/ZTL/DevOps/Course/CI_Sample_Java/target/test-classes:/home/prabhakaran/Documents/ZTL/DevOps/Course/CI_Sample_Java/target/classes:/home/prabhakaran/.m2/repository/junit/junit/4.12/junit-4.12.jar:/home/prabhakaran/.m2/repository/org/hamcrest/hamcrest-core/1.3/hamcrest-core-1.3.jar:/home/prabhakaran/.m2/repository/javax/servlet/servlet-api/2.5/servlet-api-2.5.jar:/home/prabhakaran/.m2/repository/mysql/mysql-connector-java/5.1.30/mysql-connector-java-5.1.30.jar:/home/prabhakaran/.m2/repository/net/sourceforge/jwebunit/jwebunit-htmlunit-plugin/3.3/jwebunit-htmlunit-plugin-3.3.jar:/home/prabhakaran/.m2/repository/net/sourceforge/htmlunit/htmlunit/2.18/htmlunit-2.18.jar:/home/prabhakaran/.m2/repository/xalan/xalan/2.7.2/xalan-2.7.2.jar:/home/prabhakaran/.m2/repository/xalan/serializer/2.7.2/serializer-2.7.2.jar:/home/prabhakaran/.m2/repository/commons-collections/commons-collections/3.2.1/commons-collections-3.2.1.jar:/home/prabhakaran/.m2/repository/org/apache/commons/commons-lang3/3.4/commons-lang3-3.4.jar:/home/prabhakaran/.m2/repository/org/apache/httpcomponents/httpclient/4.5/httpclient-4.5.jar:/home/prabhakaran/.m2/repository/org/apache/httpcomponents/httpcore/4.4.1/httpcore-4.4.1.jar:/home/prabhakaran/.m2/repository/org/apache/httpcomponents/httpmime/4.5/httpmime-4.5.jar:/home/prabhakaran/.m2/repository/commons-codec/commons-codec/1.10/commons-codec-1.10.jar:/home/prabhakaran/.m2/repository/net/sourceforge/htmlunit/htmlunit-core-js/2.17/htmlunit-core-js-2.17.jar:/home/prabhakaran/.m2/repository/xerces/xercesImpl/2.11.0/xercesImpl-2.11.0.jar:/home/prabhakaran/.m2/repository/xml-apis/xml-apis/1.4.01/xml-apis-1.4.01.jar:/home/prabhakaran/.m2/repository/net/sourceforge/nekohtml/nekohtml/1.9.22/nekohtml-1.9.22.jar:/home/prabhakaran/.m2/repository/net/sourceforge/cssparser/cssparser/0.9.16/cssparser-0.9.16.jar:/home/prabhakaran/.m2/repository/org/w3c/css/sac/1.3/sac-1.3.jar:/home/prabhakaran/.m2/repository/commons-io/commons-io/2.4/commons-io-2.4.jar:/home/prabhakaran/.m2/repository/org/eclipse/jetty/websocket/websocket-client/9.2.12.v20150709/websocket-client-9.2.12.v20150709.jar:/home/prabhakaran/.m2/repository/org/eclipse/jetty/websocket/websocket-common/9.2.12.v20150709/websocket-common-9.2.12.v20150709.jar:/home/prabhakaran/.m2/repository/org/eclipse/jetty/websocket/websocket-api/9.2.12.v20150709/websocket-api-9.2.12.v20150709.jar:/home/prabhakaran/.m2/repository/net/sourceforge/jwebunit/jwebunit-core/3.3/jwebunit-core-3.3.jar:/home/prabhakaran/.m2/repository/regexp/regexp/1.3/regexp-1.3.jar:/home/prabhakaran/.m2/repository/commons-lang/commons-lang/2.6/commons-lang-2.6.jar:/home/prabhakaran/.m2/repository/org/slf4j/slf4j-api/1.6.6/slf4j-api-1.6.6.jar:/home/prabhakaran/.m2/repository/org/slf4j/jcl-over-slf4j/1.6.6/jcl-over-slf4j-1.6.6.jar:/home/prabhakaran/.m2/repository/org/eclipse/jetty/jetty-server/9.4.30.v20200611/jetty-server-9.4.30.v20200611.jar:/home/prabhakaran/.m2/repository/javax/servlet/javax.servlet-api/3.1.0/javax.servlet-api-3.1.0.jar:/home/prabhakaran/.m2/repository/org/eclipse/jetty/jetty-http/9.4.30.v20200611/jetty-http-9.4.30.v20200611.jar:/home/prabhakaran/.m2/repository/org/eclipse/jetty/jetty-util/9.4.30.v20200611/jetty-util-9.4.30.v20200611.jar:/home/prabhakaran/.m2/repository/org/eclipse/jetty/jetty-io/9.4.30.v20200611/jetty-io-9.4.30.v20200611.jar:/home/prabhakaran/.m2/repository/org/eclipse/jetty/jetty-security/9.4.30.v20200611/jetty-security-9.4.30.v20200611.jar:"/>
    <property name="sun.cpu.endian" value="little"/>
    <property name="user.home" value="/home/prabhakaran"/>
    <property name="user.language" value="en"/>
    <property name="java.specification.vendor" value="Oracle Corporation"/>
    <property name="java.version.date" value="2020-07-14"/>
    <property name="java.home" value="/usr/lib/jvm/java-11-openjdk-amd64"/>
    <property name="file.separator" value="/"/>
    <property name="basedir" value="/home/prabhakaran/Documents/ZTL/DevOps/Course/CI_Sample_Java"/>
    <property name="java.vm.compressedOopsMode" value="Zero based"/>
    <property name="line.separator" value="&#10;"/>
    <property name="java.specification.name" value="Java Platform API Specification"/>
    <property name="java.vm.specification.vendor" value="Oracle Corporation"/>
    <property name="java.awt.graphicsenv" value="sun.awt.X11GraphicsEnvironment"/>
    <property name="surefire.real.class.path" value="/home/prabhakaran/Documents/ZTL/DevOps/Course/CI_Sample_Java/target/surefire/surefirebooter1724801343039550356.jar"/>
    <property name="sun.management.compiler" value="HotSpot 64-Bit Tiered Compilers"/>
    <property name="java.runtime.version" value="11.0.8+10-post-Ubuntu-0ubuntu120.04"/>
    <property name="user.name" value="prabhakaran"/>
    <property name="path.separator" value=":"/>
    <property name="os.version" value="5.4.0-42-generic"/>
    <property name="java.runtime.name" value="OpenJDK Runtime Environment"/>
    <property name="file.encoding" value="UTF-8"/>
    <property name="java.vm.name" value="OpenJDK 64-Bit Server VM"/>
    <property name="localRepository" value="/home/prabhakaran/.m2/repository"/>
    <property name="java.vendor.url.bug" value="https://bugs.launchpad.net/ubuntu/+source/openjdk-lts"/>
    <property name="java.io.tmpdir" value="/tmp"/>
    <property name="java.version" value="11.0.8"/>
    <property name="user.dir" value="/home/prabhakaran/Documents/ZTL/DevOps/Course/CI_Sample_Java"/>
    <property name="os.arch" value="amd64"/>
    <property name="java.vm.specification.name" value="Java Virtual Machine Specification"/>
    <property name="java.awt.printerjob" value="sun.print.PSPrinterJob"/>
    <property name="sun.os.patch.level" value="unknown"/>
    <property name="java.library.path" value="/usr/java/packages/lib:/usr/lib/x86_64-linux-gnu/jni:/lib/x86_64-linux-gnu:/usr/lib/x86_64-linux-gnu:/usr/lib/jni:/lib:/usr/lib"/>
    <property name="java.vm.info" value="mixed mode, sharing"/>
    <property name="java.vendor" value="Ubuntu"/>
    <property name="java.vm.version" value="11.0.8+10-post-Ubuntu-0ubuntu120.04"/>
    <property name="sun.io.unicode.encoding" value="UnicodeLittle"/>
    <property name="java.class.version" value="55.0"/>
  </properties>
  <testcase name="authenticateSuccessTest" classname="main.test.LoginServiceTest" time="0.002"/>
  <testcase name="authenticateFailTest" classname="main.test.LoginServiceTest" time="0"/>
  <testcase name="userServiceTest" classname="main.test.UserServiceTest" time="0"/>
  <testcase name="testLoginPage" classname="main.test.TestLogin" time="1.012">
    <system-err><![CDATA[SLF4J: Failed to load class "org.slf4j.impl.StaticLoggerBinder".
SLF4J: Defaulting to no-operation (NOP) logger implementation
SLF4J: See http://www.slf4j.org/codes.html#StaticLoggerBinder for further details.
]]></system-err>
  </testcase>
</testsuite>